Ind	Poss_Paralogs	Low_Coverage/Errors	Miss_Genotype	Total_Failed	Total_Loci	Prop_Success
BMA_1A-A01_00888-bma	11	91	97	199	6048	0.967096560846561
BMA_1A-A02_00887-bma	3	89	17	109	6048	0.981977513227513
BMA_1A-A03_00886-bma	4	91	20	115	6048	0.98098544973545
BMA_1A-A04_00885bma	1	94	20	115	6048	0.98098544973545
BMA_1A-A05_00884-bma	1	82	16	99	6048	0.983630952380952
BMA_1A-A06_00883-bma	4	79	26	109	6048	0.981977513227513
BMA_1A-A07_00882-bma	12	90	1255	1357	6048	0.775628306878307
BMA_1A-A08_00881-bma	1	86	12	99	6048	0.983630952380952
BMA_1A-A09_FLG-33	6	84	27	117	6048	0.980654761904762
BMA_1A-A10_BB-17-036	5	102	146	253	6048	0.958167989417989
BMA_1A-A11_BM9	12	89	370	471	6048	0.922123015873016
BMA_1A-B02_CS-25	7	83	23	113	6048	0.981316137566138
BMA_1A-B03_CS-03	19	81	7	107	6048	0.982308201058201
BMA_1A-B04_CS-04	20	93	147	260	6048	0.957010582010582
BMA_1A-B05_CS-05	7	84	96	187	6048	0.969080687830688
BMA_1A-B06_CS-06	17	99	836	952	6048	0.842592592592593
BMA_1A-B08_CS-08	6	97	11	114	6048	0.981150793650794
BMA_1A-B09_CS-26	18	82	1135	1235	6048	0.795800264550265
BMA_1A-B10_CS-27	6	91	317	414	6048	0.931547619047619
BMA_1A-B11_CS-28	3	90	21	114	6048	0.981150793650794
BMA_1A-B12_CS-12	3	83	18	104	6048	0.982804232804233
BMA_1A-C01_CCGN-001	8	81	16	105	6048	0.982638888888889
BMA_1A-C02_CCGN-002	1	87	34	122	6048	0.979828042328042
BMA_1A-C03_CCGN-003	3	85	5	93	6048	0.984623015873016
BMA_1A-C04_CCGN-004	6	86	27	119	6048	0.980324074074074
BMA_1A-C06_811-001	4	83	21	108	6048	0.982142857142857
BMA_1A-C07_811-002	13	89	14	116	6048	0.980820105820106
BMA_1A-C08_811-003	6	100	31	137	6048	0.977347883597884
BMA_1A-C09_811-004	3	91	9	103	6048	0.982969576719577
BMA_1A-C10_811-006	22	91	115	228	6048	0.962301587301587
BMA_1A-C11_811-007	9	90	5	104	6048	0.982804232804233
BMA_1A-C12_811-008	5	90	52	147	6048	0.975694444444444
BMA_1A-D02_CCGN01	5	82	12	99	6048	0.983630952380952
BMA_1A-E01_BM001	11	106	152	269	6048	0.955522486772487
BMA_1A-E02_BM002	17	94	142	253	6048	0.958167989417989
BMA_1A-E03_BM003	3	98	27	128	6048	0.978835978835979
BMA_1A-E04_BM004	8	87	4	99	6048	0.983630952380952
BMA_1A-E05_BM008	5	90	12	107	6048	0.982308201058201
BMA_1A-E07_BM044	4	91	50	145	6048	0.976025132275132
BMA_1A-E10_BM092	6	95	25	126	6048	0.979166666666667
BMA_1A-E11_BM103	7	93	441	541	6048	0.910548941798942
BMA_1A-E12_BM111	6	96	19	121	6048	0.979993386243386
BMA_1A-F02_FLG-02	5	87	15	107	6048	0.982308201058201
BMA_1A-F03_FLG-05	1	88	10	99	6048	0.983630952380952
BMA_1A-F04_FLG-08	3	91	15	109	6048	0.981977513227513
BMA_1A-F05_FLG-23	3	83	12	98	6048	0.983796296296296
BMA_1A-F06_FLG-25	17	88	1012	1117	6048	0.815310846560847
BMA_1A-F07_FLG-27	7	77	9	93	6048	0.984623015873016
BMA_1A-F08_FLG-28	1	93	10	104	6048	0.982804232804233
BMA_1A-F09_FLG-29	4	97	20	121	6048	0.979993386243386
BMA_1A-F10_FLG-31	4	99	85	188	6048	0.968915343915344
BMA_1A-F11_FLG-32	5	80	10	95	6048	0.984292328042328
BMA_1A-G01_BB-17-020	5	84	17	106	6048	0.982473544973545
BMA_1A-G03_BB-17-027	3	87	18	108	6048	0.982142857142857
BMA_1A-G04_BB-17-029	4	82	10	96	6048	0.984126984126984
BMA_1A-G05_BB-17-032	6	107	81	194	6048	0.96792328042328
BMA_1A-G06_BB-17-034	5	80	13	98	6048	0.983796296296296
BMA_1A-G07_BB-17-035	4	80	17	101	6048	0.983300264550265
BMA_1A-G09_BB-17-047	8	91	43	142	6048	0.976521164021164
BMA_1A-G10_BB-17-048	3	87	18	108	6048	0.982142857142857
BMA_1A-G11_BB-17-109	3	87	15	105	6048	0.982638888888889
BMA_1A-G12_BB-17-111	10	83	284	377	6048	0.937665343915344
BMA_1A-H01_BM81	5	89	12	106	6048	0.982473544973545
BMA_1A-H02_MS18	11	76	6	93	6048	0.984623015873016
BMA_1A-H03_CC02-08	7	94	6	107	6048	0.982308201058201
BMA_1A-H04_CC02-35	7	84	11	102	6048	0.983134920634921
BMA_1B-A01_00816-bma	3	86	10	99	6048	0.983630952380952
BMA_1B-A02_00815-bma	3	94	15	112	6048	0.981481481481482
BMA_1B-A03_00814-bma	1	89	9	99	6048	0.983630952380952
BMA_1B-A04_00813-bma	1	89	19	109	6048	0.981977513227513
BMA_1B-A05_00812-bma	3	93	10	106	6048	0.982473544973545
BMA_1B-A06_00880-bma	4	88	28	120	6048	0.98015873015873
BMA_1B-A07_00887-bma	3	90	9	102	6048	0.983134920634921
BMA_1B-A08_00818-bma	5	104	113	222	6048	0.963293650793651
BMA_1B-A09_00817-bma	14	94	544	652	6048	0.892195767195767
BMA_1B-A10_00811-bma	4	90	13	107	6048	0.982308201058201
BMA_1B-A11_00810-bma	2	93	14	109	6048	0.981977513227513
BMA_1B-A12_00809-bma	7	80	17	104	6048	0.982804232804233
BMA_1B-B01_LA-001	12	90	22	124	6048	0.979497354497355
BMA_1B-B02_LA-003	10	85	182	277	6048	0.954199735449735
BMA_1B-B03_LA-014	21	81	6	108	6048	0.982142857142857
BMA_1B-B04_LA-049	17	89	162	268	6048	0.955687830687831
BMA_1B-B05_LA-050	3	85	12	100	6048	0.983465608465608
BMA_1B-B06_LA-062	4	82	13	99	6048	0.983630952380952
BMA_1B-B07_LA-073	28	76	3	107	6048	0.982308201058201
BMA_1B-B08_LA-083	7	89	66	162	6048	0.973214285714286
BMA_1B-B09_LA-127	31	89	31	151	6048	0.975033068783069
BMA_1B-B10_LA-128	5	85	17	107	6048	0.982308201058201
BMA_1B-B11_LA-129	6	94	54	154	6048	0.974537037037037
BMA_1B-B12_LA-130	12	87	14	113	6048	0.981316137566138
BMA_1B-C03_MS-20	45	88	54	187	6048	0.969080687830688
BMA_1B-C04_MS-21	23	91	38	152	6048	0.974867724867725
BMA_1B-C05_MS-22	56	88	43	187	6048	0.969080687830688
BMA_1B-C06_MS-23	21	85	42	148	6048	0.975529100529101
BMA_1B-C07_MS-51	74	84	92	250	6048	0.958664021164021
BMA_1B-C08_MS-52	22	87	125	234	6048	0.961309523809524
BMA_1B-C12_MS-56	47	86	4	137	6048	0.977347883597884
BMA_1B-D01_CC-26	7	80	14	101	6048	0.983300264550265
BMA_1B-D02_CC-29	29	80	6	115	6048	0.98098544973545
BMA_1B-E01_MB-01	24	81	6	111	6048	0.981646825396825
BMA_1B-E02_MB-02	10	82	11	103	6048	0.982969576719577
BMA_1B-E03_MB-03	28	81	6	115	6048	0.98098544973545
BMA_1B-E04_MB-04	18	83	14	115	6048	0.98098544973545
BMA_1B-E05_MB-05	16	95	18	129	6048	0.978670634920635
BMA_1B-E06_MB-06	7	87	17	111	6048	0.981646825396825
BMA_1B-E07_MB-07	33	73	28	134	6048	0.977843915343915
BMA_1B-E08_MB-08	14	86	16	116	6048	0.980820105820106
BMA_1B-E09_MB-09	26	90	11	127	6048	0.979001322751323
BMA_1B-E10_MB-10	18	85	6	109	6048	0.981977513227513
BMA_1B-E11_MB-11	17	83	14	114	6048	0.981150793650794
BMA_1B-E12_MB-12	51	81	4	136	6048	0.977513227513228
BMA_1B-F02_CS-14	11	82	4	97	6048	0.98396164021164
BMA_1B-F04_CS-16	14	92	41	147	6048	0.975694444444444
BMA_1B-F05_CS-17	6	82	10	98	6048	0.983796296296296
BMA_1B-F06_CS-18	12	80	17	109	6048	0.981977513227513
BMA_1B-F07_CS-19	17	89	68	174	6048	0.971230158730159
BMA_1B-F08_CS-20	78	106	365	549	6048	0.90922619047619
BMA_1B-F09_CS-21	5	86	9	100	6048	0.983465608465608
BMA_1B-F10_CS-22	28	74	1	103	6048	0.982969576719577
BMA_1B-F11_CS-23	35	84	25	144	6048	0.976190476190476
BMA_1B-F12_CS-24	22	83	11	116	6048	0.980820105820106
BMA_1B-G01_811-009	11	85	14	110	6048	0.981812169312169
BMA_1B-G02_811-010	34	89	8	131	6048	0.978339947089947
BMA_1B-G03_811-011	6	84	18	108	6048	0.982142857142857
BMA_1B-G04_CC-01	7	91	15	113	6048	0.981316137566138
BMA_1B-G05_CC-02	74	84	7	165	6048	0.972718253968254
BMA_1B-G06_CC-03	3	85	14	102	6048	0.983134920634921
BMA_1B-G07_CC-04	21	81	19	121	6048	0.979993386243386
BMA_1B-G08_CC-05	23	85	16	124	6048	0.979497354497355
BMA_1B-G09_CC-06	15	83	7	105	6048	0.982638888888889
BMA_1B-G10_CC-07	21	90	13	124	6048	0.979497354497355
BMA_1B-G11_CC-08	53	79	12	144	6048	0.976190476190476
BMA_1B-G12_CC-09	8	81	5	94	6048	0.984457671957672
BMA_2A-A01_00762-bma	18	87	364	469	6048	0.922453703703704
BMA_2A-A03_00760-bma	64	97	826	987	6048	0.836805555555556
BMA_2A-A05_00744-bma	4	92	11	107	6048	0.982308201058201
BMA_2A-A07_00732-bma	3	80	14	97	6048	0.98396164021164
BMA_2A-A09_00737-bma	7	83	45	135	6048	0.977678571428571
BMA_2A-A11_00735-bma	7	92	28	127	6048	0.979001322751323
BMA_2A-A12_00733-bma	5	88	14	107	6048	0.982308201058201
BMA_2A-B02_MB-13	8	90	104	202	6048	0.966600529100529
BMA_2A-B03_OP040417GN02-3	11	97	89	197	6048	0.967427248677249
BMA_2A-B04_OP040417GN02-7	20	87	196	303	6048	0.949900793650794
BMA_2A-B05_MB-14	28	93	416	537	6048	0.911210317460317
BMA_2A-B06_MB-15	39	85	754	878	6048	0.854828042328042
BMA_2A-B07_MB-16	6	84	14	104	6048	0.982804232804233
BMA_2A-B08_MB-17	18	82	1389	1489	6048	0.75380291005291
BMA_2A-B09_MB-18	4	96	55	155	6048	0.974371693121693
BMA_2A-B10_MB-19	2	72	9	83	6048	0.986276455026455
BMA_2A-B11_MB-20	8	80	13	101	6048	0.983300264550265
BMA_2A-B12_MB-21	3	85	4	92	6048	0.98478835978836
BMA_2A-C01_MS-57	5	88	9	102	6048	0.983134920634921
BMA_2A-C02_MS-58	4	89	19	112	6048	0.981481481481482
BMA_2A-C03_MS-59	7	93	102	202	6048	0.966600529100529
BMA_2A-C04_MS-60	6	86	115	207	6048	0.96577380952381
BMA_2A-C05_MS-61	9	95	44	148	6048	0.975529100529101
BMA_2A-C06_MS-62	6	87	28	121	6048	0.979993386243386
BMA_2A-C07_MS-63	9	82	6	97	6048	0.98396164021164
BMA_2A-C08_MS-01	8	84	10	102	6048	0.983134920634921
BMA_2A-C09_MS-02	5	88	18	111	6048	0.981646825396825
BMA_2A-C10_MS-03	3	75	16	94	6048	0.984457671957672
BMA_2A-C11_MS-04	7	85	46	138	6048	0.97718253968254
BMA_2A-C12_MS-05	4	99	15	118	6048	0.980489417989418
BMA_2A-D01_LA-004	4	85	9	98	6048	0.983796296296296
BMA_2A-D03_LA-016	6	80	9	95	6048	0.984292328042328
BMA_2A-D04_LA-051	3	81	11	95	6048	0.984292328042328
BMA_2A-D05_LA-063	4	88	383	475	6048	0.92146164021164
BMA_2A-D06_LA-081	7	88	12	107	6048	0.982308201058201
BMA_2A-E01_LA-003	3	96	19	118	6048	0.980489417989418
BMA_2A-E08_LA-064	6	85	13	104	6048	0.982804232804233
BMA_2A-E09_LA-072	4	90	15	109	6048	0.981977513227513
BMA_2A-E10_LA-074	9	73	710	792	6048	0.869047619047619
BMA_2A-E12_LA-084	23	101	738	862	6048	0.857473544973545
BMA_2A-F01_BB-17-112	5	80	9	94	6048	0.984457671957672
BMA_2A-F02_BB-17-116	11	76	1379	1466	6048	0.75760582010582
BMA_2A-F03_BB-17-118	0	88	15	103	6048	0.982969576719577
BMA_2A-F05_BB-17-120	4	82	7	93	6048	0.984623015873016
BMA_2A-F06_BB-17-121	2	84	13	99	6048	0.983630952380952
BMA_2A-F07_BB-17-123	6	87	392	485	6048	0.919808201058201
BMA_2A-F08_BB-17-330	26	102	821	949	6048	0.843088624338624
BMA_2A-F10_BB-17-517	18	96	457	571	6048	0.905588624338624
BMA_2A-F11_BB-17-518	31	94	970	1095	6048	0.818948412698413
BMA_2A-G01_FLG-03	2	90	17	109	6048	0.981977513227513
BMA_2A-G02_FLG-06	7	100	107	214	6048	0.964616402116402
BMA_2A-G03_FLG-09	4	81	20	105	6048	0.982638888888889
BMA_2A-G04_FLG-24	3	81	9	93	6048	0.984623015873016
BMA_2A-G05_FLG-26	1	79	8	88	6048	0.985449735449735
BMA_2A-G06_FLG-30	17	78	1213	1308	6048	0.783730158730159
BMA_2A-G07_FLG-34	11	83	191	285	6048	0.952876984126984
BMA_2A-G08_FLG-43	6	88	5	99	6048	0.983630952380952
BMA_2A-G09_FLG-45	3	87	9	99	6048	0.983630952380952
BMA_2A-G10_FLG-81	3	92	18	113	6048	0.981316137566138
BMA_2A-G11_FLG-88	1	81	8	90	6048	0.985119047619048
BMA_2A-H01_BB-17-140	2	90	35	127	6048	0.979001322751323
BMA_2B-A01_BM005	4	85	15	104	6048	0.982804232804233
BMA_2B-A04_BM018	35	94	564	693	6048	0.885416666666667
BMA_2B-A07_BM026	3	83	27	113	6048	0.981316137566138
BMA_2B-A08_BM072	72	101	91	264	6048	0.956349206349206
BMA_2B-A09_BM083	3	92	10	105	6048	0.982638888888889
BMA_2B-A10_BM091	5	87	11	103	6048	0.982969576719577
BMA_2B-A11_BM101	2	82	5	89	6048	0.985284391534392
BMA_2B-A12_BM110	5	90	148	243	6048	0.959821428571429
BMA_2B-B01_CC-12	4	90	35	129	6048	0.978670634920635
BMA_2B-B02_CC-18	2	94	22	118	6048	0.980489417989418
BMA_2B-B03_CC-19	7	80	13	100	6048	0.983465608465608
BMA_2B-B04_CC-20	4	89	13	106	6048	0.982473544973545
BMA_2B-B05_CC-21	3	87	10	100	6048	0.983465608465608
BMA_2B-B06_CC-22	2	80	13	95	6048	0.984292328042328
BMA_2B-B07_CC-27	4	78	22	104	6048	0.982804232804233
BMA_2B-B08_CC-28	4	78	22	104	6048	0.982804232804233
BMA_2B-B09_CC-35	1	85	17	103	6048	0.982969576719577
BMA_2B-B11_CC-41	2	86	35	123	6048	0.979662698412698
BMA_2B-B12_CC-42	6	89	38	133	6048	0.978009259259259
BMA_2B-C01_MB-22	8	89	11	108	6048	0.982142857142857
BMA_2B-C02_MB-23	11	85	194	290	6048	0.952050264550265
BMA_2B-C03_MB-24	5	88	21	114	6048	0.981150793650794
BMA_2B-C04_MB-25	6	83	17	106	6048	0.982473544973545
BMA_2B-C05_MB-26	5	81	12	98	6048	0.983796296296296
BMA_2B-C06_MB-27	5	86	12	103	6048	0.982969576719577
BMA_2B-C07_MB-28	6	81	22	109	6048	0.981977513227513
BMA_2B-C08_MB-29	5	85	25	115	6048	0.98098544973545
BMA_2B-C09_MB-30	1	85	12	98	6048	0.983796296296296
BMA_2B-C10_MB-31	3	79	12	94	6048	0.984457671957672
BMA_2B-C11_MB-32	4	74	4	82	6048	0.986441798941799
BMA_2B-D01_LA-079	3	96	18	117	6048	0.980654761904762
BMA_2B-E01_CC-11	24	92	450	566	6048	0.906415343915344
BMA_2B-E03_CC-38	7	85	39	131	6048	0.978339947089947
BMA_2B-E04_CC-44	18	86	9	113	6048	0.981316137566138
BMA_2B-E05_MB-34	6	88	12	106	6048	0.982473544973545
BMA_2B-E06_MB-35	7	92	13	112	6048	0.981481481481482
BMA_2B-E07_MB-36	2	88	11	101	6048	0.983300264550265
BMA_2B-E08_MB-37	11	83	26	120	6048	0.98015873015873
BMA_2B-E09_MB-38	7	90	16	113	6048	0.981316137566138
BMA_2B-E10_MB-39	6	82	20	108	6048	0.982142857142857
BMA_2B-E11_MB-40	5	87	10	102	6048	0.983134920634921
BMA_2B-E12_MB-41	3	87	16	106	6048	0.982473544973545
BMA_2B-F01_MB-42	2	80	4	86	6048	0.985780423280423
BMA_2B-F02_MB-43	13	79	6	98	6048	0.983796296296296
BMA_2B-F03_MS-13	8	86	8	102	6048	0.983134920634921
BMA_2B-F04_MS-14	6	82	2	90	6048	0.985119047619048
BMA_2B-F05_MS-15	5	86	4	95	6048	0.984292328042328
BMA_2B-F06_MS-16	5	81	10	96	6048	0.984126984126984
BMA_2B-F07_MS-17	6	82	3	91	6048	0.984953703703704
BMA_2B-F08_MS-30	14	87	11	112	6048	0.981481481481482
BMA_2B-F09_MS-31	7	86	11	104	6048	0.982804232804233
BMA_2B-F10_BB-17-141	2	77	9	88	6048	0.985449735449735
BMA_2B-F11_BB-17-153	2	80	6	88	6048	0.985449735449735
BMA_2B-F12_BB-17-181	12	85	140	237	6048	0.960813492063492
BMA_2B-G01_BB-17-183	15	93	138	246	6048	0.959325396825397
BMA_2B-G02_BB-17-190	8	80	7	95	6048	0.984292328042328
BMA_2B-G03_BB-17-192	7	86	54	147	6048	0.975694444444444
BMA_2B-G04_BB-17-143	9	84	12	105	6048	0.982638888888889
BMA_2B-G05_BMAR-03	4	84	149	237	6048	0.960813492063492
BMA_2B-G06_FLG-12	8	80	9	97	6048	0.98396164021164
BMA_2B-G07_FLG-14	7	81	7	95	6048	0.984292328042328
BMA_2B-G08_FLG-36	3	75	7	85	6048	0.985945767195767
BMA_2B-G09_FLG-44	7	80	7	94	6048	0.984457671957672
BMA_2B-G10_FLG-47	6	77	9	92	6048	0.98478835978836
BMA_2B-G11_FLG-71	8	83	4	95	6048	0.984292328042328
BMA_2B-G12_FLG-84	3	85	15	103	6048	0.982969576719577
BMA_2B-H01_CS3	2	80	5	87	6048	0.985615079365079
BMA_2B-H02_MB06	10	84	12	106	6048	0.982473544973545
BMA_3A-A01_CC-17	38	85	0	123	6048	0.979662698412698
BMA_3A-A02_CC-12	56	91	16	163	6048	0.973048941798942
BMA_3A-A03_CC-15	13	97	46	156	6048	0.974206349206349
BMA_3A-A04_CC-46	11	80	27	118	6048	0.980489417989418
BMA_3A-A05_CC-23	2	83	13	98	6048	0.983796296296296
BMA_3A-A06_CC-24	3	88	8	99	6048	0.983630952380952
BMA_3A-A09_CC-33	5	88	14	107	6048	0.982308201058201
BMA_3A-A10_CC-37	38	89	7	134	6048	0.977843915343915
BMA_3A-A11_CC-39	7	86	7	100	6048	0.983465608465608
BMA_3A-A12_CC-40	20	90	95	205	6048	0.966104497354497
BMA_3A-B01_BM047	43	86	880	1009	6048	0.833167989417989
BMA_3A-B03_BM056	36	90	68	194	6048	0.96792328042328
BMA_3A-B04_BM057	4	94	11	109	6048	0.981977513227513
BMA_3A-B05_BM061	8	89	161	258	6048	0.95734126984127
BMA_3A-B06_BM062	5	89	211	305	6048	0.949570105820106
BMA_3A-B07_BM067	16	97	68	181	6048	0.970072751322751
BMA_3A-B08_BM068	2	101	20	123	6048	0.979662698412698
BMA_3A-B09_BM082	2	100	74	176	6048	0.970899470899471
BMA_3A-B10_BM084	7	102	110	219	6048	0.963789682539683
BMA_3A-B11_BM099	2	101	28	131	6048	0.978339947089947
BMA_3A-B12_BM100	9	96	15	120	6048	0.98015873015873
BMA_3A-C01_FLG-46	24	98	102	224	6048	0.962962962962963
BMA_3A-C02_FLG-48	10	81	9	100	6048	0.983465608465608
BMA_3A-C03_FLG-49	2	78	18	98	6048	0.983796296296296
BMA_3A-C04_FLG-50	3	78	15	96	6048	0.984126984126984
BMA_3A-C06_FLG-60	7	86	8	101	6048	0.983300264550265
BMA_3A-C07_FLG-61	6	96	26	128	6048	0.978835978835979
BMA_3A-C08_FLG-62	4	87	21	112	6048	0.981481481481482
BMA_3A-C09_FLG-82	4	90	14	108	6048	0.982142857142857
BMA_3A-C10_FLG-83	5	74	8	87	6048	0.985615079365079
BMA_3A-C11_FLG-85	0	89	9	98	6048	0.983796296296296
BMA_3A-C12_FLG-86	1	92	48	141	6048	0.976686507936508
BMA_3A-D01_BM006	5	91	14	110	6048	0.981812169312169
BMA_3A-D02_BM007	81	100	12	193	6048	0.968088624338624
BMA_3B-A07_BM027	3	100	447	550	6048	0.909060846560847
BMA_3B-A08_BM028	4	106	319	429	6048	0.92906746031746
BMA_3B-A09_BM035	8	92	48	148	6048	0.975529100529101
BMA_3B-A10_BM036	11	96	188	295	6048	0.951223544973545
BMA_3B-A12_BM040	6	88	8	102	6048	0.983134920634921
BMA_3B-B02_FLG-07	32	85	5	122	6048	0.979828042328042
BMA_3B-B03_FLG-10	5	88	20	113	6048	0.981316137566138
BMA_3B-B04_FLG-11	4	87	17	108	6048	0.982142857142857
BMA_3B-B05_FLG-16	7	90	9	106	6048	0.982473544973545
BMA_3B-B06_FLG-17	5	93	14	112	6048	0.981481481481482
BMA_3B-B07_FLG-18	6	88	37	131	6048	0.978339947089947
BMA_3B-B08_FLG-19	1	89	11	101	6048	0.983300264550265
BMA_3B-B09_FLG-35	6	86	16	108	6048	0.982142857142857
BMA_3B-B10_FLG-37	9	92	385	486	6048	0.919642857142857
BMA_3B-B11_FLG-38	6	89	217	312	6048	0.948412698412698
BMA_3B-B12_FLG-39	5	81	13	99	6048	0.983630952380952
BMA_3B-C02_MS-07	67	83	1	151	6048	0.975033068783069
BMA_3B-C03_MS-08	6	96	13	115	6048	0.98098544973545
BMA_3B-C04_MS-09	9	86	364	459	6048	0.924107142857143
BMA_3B-C05_MS-10	4	92	11	107	6048	0.982308201058201
BMA_3B-C06_MS-11	8	83	34	125	6048	0.979332010582011
BMA_3B-C07_MS-24	3	93	10	106	6048	0.982473544973545
BMA_3B-C08_MS-25	6	96	9	111	6048	0.981646825396825
BMA_3B-D01_MS26	7	89	17	113	6048	0.981316137566138
BMA_3B-D04_LA-058	5	92	9	106	6048	0.982473544973545
BMA_3B-D05_CC-43	12	92	49	153	6048	0.974702380952381
BMA_3B-E01_MB-44	19	81	58	158	6048	0.973875661375661
BMA_3B-E02_MB-45	9	81	4	94	6048	0.984457671957672
BMA_3B-E03_MB-46	3	73	17	93	6048	0.984623015873016
BMA_3B-E04_MB-47	1	87	62	150	6048	0.975198412698413
BMA_3B-E05_BB-17-524	68	90	7	165	6048	0.972718253968254
BMA_3B-E05_MB-48	6	100	408	514	6048	0.915013227513228
BMA_3B-E06_BB-17-142	4	84	6	94	6048	0.984457671957672
BMA_3B-E06_MB-49	3	89	32	124	6048	0.979497354497355
BMA_3B-E07_BB-17-144	6	90	35	131	6048	0.978339947089947
BMA_3B-E07_MS-32	2	86	18	106	6048	0.982473544973545
BMA_3B-E08_BB-17-168	6	99	162	267	6048	0.955853174603175
BMA_3B-E08_MS-33	8	91	21	120	6048	0.98015873015873
BMA_3B-E09_BB-17-177	3	84	7	94	6048	0.984457671957672
BMA_3B-E09_MS-34	7	78	13	98	6048	0.983796296296296
BMA_3B-E10_BB-17-184	7	106	59	172	6048	0.971560846560847
BMA_3B-E10_MS-35	5	99	18	122	6048	0.979828042328042
BMA_3B-E11_BB-17-193	18	88	422	528	6048	0.912698412698413
BMA_3B-E11_MS-36	4	89	12	105	6048	0.982638888888889
BMA_3B-E12_BMAR-02	45	87	87	219	6048	0.963789682539683
BMA_3B-E12_MS-37	8	92	13	113	6048	0.981316137566138
BMA_3B-F01_BB-17-108	3	87	51	141	6048	0.976686507936508
BMA_3B-F01_LA-005	15	90	11	116	6048	0.980820105820106
BMA_3B-F03_BB-17-150	4	82	15	101	6048	0.983300264550265
BMA_3B-F04_BB-17-156	6	95	25	126	6048	0.979166666666667
BMA_3B-F05_BMAR-04	10	110	94	214	6048	0.964616402116402
BMA_3B-F05_LA-053	10	89	13	112	6048	0.981481481481482
BMA_3B-F06_BMAR-05	13	101	266	380	6048	0.937169312169312
BMA_3B-F06_LA-054	9	95	356	460	6048	0.923941798941799
BMA_3B-F07_LA-065	9	96	467	572	6048	0.90542328042328
BMA_3B-F08_LA-066	11	98	145	254	6048	0.958002645502645
BMA_3B-F09_BM022	2	87	31	120	6048	0.98015873015873
BMA_3B-F10_LA-082	5	93	7	105	6048	0.982638888888889
BMA_3B-F11_BM054	2	88	14	104	6048	0.982804232804233
BMA_3B-F11_LA-085	8	94	159	261	6048	0.956845238095238
BMA_3B-F12_BM055	2	80	14	96	6048	0.984126984126984
BMA_3B-F12_LA-089	55	80	1	136	6048	0.977513227513228
BMA_3B-G01_LA-012	6	87	14	107	6048	0.982308201058201
BMA_3B-G02_LA-011	32	88	1	121	6048	0.979993386243386
BMA_3B-G02_LA-013	7	83	8	98	6048	0.983796296296296
BMA_3B-G03_LA-020	28	88	46	162	6048	0.973214285714286
BMA_3B-G03_LA-030	29	83	13	125	6048	0.979332010582011
BMA_3B-G04_LA-057	17	87	13	117	6048	0.980654761904762
BMA_3B-G05_LA-055	29	102	202	333	6048	0.944940476190476
BMA_3B-G06_LA-056	40	99	746	885	6048	0.853670634920635
BMA_3B-G06_LA-071	2	84	41	127	6048	0.979001322751323
BMA_3B-G07_LA-068	6	84	29	119	6048	0.980324074074074
BMA_3B-G08_CC-45	10	79	16	105	6048	0.982638888888889
BMA_3B-G08_LA-069	5	89	130	224	6048	0.962962962962963
BMA_3B-G09_BM105	2	86	15	103	6048	0.982969576719577
BMA_3B-G09_LA-076	10	91	30	131	6048	0.978339947089947
BMA_3B-G10_BM106	4	96	140	240	6048	0.96031746031746
BMA_3B-G10_LA-077	53	89	1095	1237	6048	0.795469576719577
BMA_3B-G11_LA-098	18	88	17	123	6048	0.979662698412698
BMA_3B-G11_MB-53	5	78	15	98	6048	0.983796296296296
BMA_3B-G12_LA-099	16	92	197	305	6048	0.949570105820106
BMA_3B-G12_MB-54	1	91	18	110	6048	0.981812169312169
BMA_3B-H01_LA27	4	83	6	93	6048	0.984623015873016
BMA_3B-H02_MS26	7	89	109	205	6048	0.966104497354497
BMA_3B-H02_MS-38	4	92	12	108	6048	0.982142857142857
BMA_3B-H03_BM027	2	101	35	138	6048	0.97718253968254
BMA_3B-H03_MS-28	5	88	1054	1147	6048	0.810350529100529
BMA_3B-H04_MS-29	5	93	16	114	6048	0.981150793650794
